[debug] [2023-03-11T14:16:30.182Z] ----------------------------------------------------------------------
[debug] [2023-03-11T14:16:30.184Z] Command:       C:\Program Files\nodejs\node.exe C:\Users\santr\AppData\Roaming\npm\node_modules\firebase-tools\lib\bin\firebase.js init
[debug] [2023-03-11T14:16:30.185Z] CLI Version:   11.24.1
[debug] [2023-03-11T14:16:30.185Z] Platform:      win32
[debug] [2023-03-11T14:16:30.185Z] Node Version:  v16.15.0
[debug] [2023-03-11T14:16:30.186Z] Time:          Sat Mar 11 2023 19:46:30 GMT+0530 (India Standard Time)
[debug] [2023-03-11T14:16:30.186Z] ----------------------------------------------------------------------
[debug] 
[debug] [2023-03-11T14:16:30.259Z] > command requires scopes: ["email","openid","https://www.googleapis.com/auth/cloudplatformprojects.readonly","https://www.googleapis.com/auth/firebase","https://www.googleapis.com/auth/cloud-platform"]
[debug] [2023-03-11T14:16:30.259Z] > authorizing via signed-in user (santrabhishek@gmail.com)
[info] 
     ######## #### ########  ######## ########     ###     ######  ########
     ##        ##  ##     ## ##       ##     ##  ##   ##  ##       ##
     ######    ##  ########  ######   ########  #########  ######  ######
     ##        ##  ##    ##  ##       ##     ## ##     ##       ## ##
     ##       #### ##     ## ######## ########  ##     ##  ######  ########

You're about to initialize a Firebase project in this directory:

  C:\Users\santr\Desktop\multimart-ecommerce

Before we get started, keep in mind:

  * You are initializing within an existing Firebase project directory

[info] 
=== Project Setup
[info] 
[info] First, let's associate this project directory with a Firebase project.
[info] You can create multiple project aliases by running firebase use --add, 
[info] but for now we'll just set up a default project.
[info] 
[debug] [2023-03-11T14:16:54.306Z] Using project from CLI flag: multimart-ecommerce-8b9cd
[debug] [2023-03-11T14:16:54.311Z] >>> [apiv2][query] GET https://firebase.googleapis.com/v1beta1/projects/multimart-ecommerce-8b9cd [none]
[debug] [2023-03-11T14:16:56.143Z] <<< [apiv2][status] GET https://firebase.googleapis.com/v1beta1/projects/multimart-ecommerce-8b9cd 200
[debug] [2023-03-11T14:16:56.143Z] <<< [apiv2][body] GET https://firebase.googleapis.com/v1beta1/projects/multimart-ecommerce-8b9cd {"projectId":"multimart-ecommerce-8b9cd","projectNumber":"378873913503","displayName":"MultiMart-Ecommerce","name":"projects/multimart-ecommerce-8b9cd","resources":{"hostingSite":"multimart-ecommerce-8b9cd","storageBucket":"multimart-ecommerce-8b9cd.appspot.com","locationId":"us-central"},"state":"ACTIVE","etag":"1_eb9b68bc-f3e9-4fbf-8723-df3a1bb45150"}
[info] i  Using project multimart-ecommerce-8b9cd (MultiMart-Ecommerce) 
[info] 
=== Hosting:github Setup
[info] 
[info] i  Detected a .git folder at C:\Users\santr\Desktop\multimart-ecommerce 
[info] i  Authorizing with GitHub to upload your service account to a GitHub repository's secrets store. 
[info] 
[info] Visit this URL on this device to log in:
[info] https://github.com/login/oauth/authorize?client_id=89cf50f02ac6aaed3484&state=359507568&redirect_uri=http%3A%2F%2Flocalhost%3A9005&scope=read%3Auser%20repo%20public_repo
[info] 
[info] Waiting for authentication...
[debug] [2023-03-11T14:16:56.839Z] >>> [apiv2][query] POST https://github.com/login/oauth/access_token [none]
[debug] [2023-03-11T14:16:56.840Z] >>> [apiv2][body] POST https://github.com/login/oauth/access_token [stream]
[debug] [2023-03-11T14:16:57.497Z] <<< [apiv2][status] POST https://github.com/login/oauth/access_token 200
[debug] [2023-03-11T14:16:57.497Z] <<< [apiv2][body] POST https://github.com/login/oauth/access_token {"access_token":"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","token_type":"bearer","scope":"read:user,repo"}
[debug] [2023-03-11T14:16:57.517Z] >>> [apiv2][query] GET https://api.github.com/user [none]
[debug] [2023-03-11T14:16:58.235Z] <<< [apiv2][status] GET https://api.github.com/user 200
[debug] [2023-03-11T14:16:58.236Z] <<< [apiv2][body] GET https://api.github.com/user {"login":"AbhishekSantra","id":77270667,"node_id":"MDQ6VXNlcjc3MjcwNjY3","avatar_url":"https://avatars.githubusercontent.com/u/77270667?v=4","gravatar_id":"","url":"https://api.github.com/users/AbhishekSantra","html_url":"https://github.com/AbhishekSantra","followers_url":"https://api.github.com/users/AbhishekSantra/followers","following_url":"https://api.github.com/users/AbhishekSantra/following{/other_user}","gists_url":"https://api.github.com/users/AbhishekSantra/gists{/gist_id}","starred_url":"https://api.github.com/users/AbhishekSantra/starred{/owner}{/repo}","subscriptions_url":"https://api.github.com/users/AbhishekSantra/subscriptions","organizations_url":"https://api.github.com/users/AbhishekSantra/orgs","repos_url":"https://api.github.com/users/AbhishekSantra/repos","events_url":"https://api.github.com/users/AbhishekSantra/events{/privacy}","received_events_url":"https://api.github.com/users/AbhishekSantra/received_events","type":"User","site_admin":false,"name":"Abhishek Santra","company":null,"blog":"","location":"Bhubaneswar","email":null,"hireable":true,"bio":"I am Abhishek Santra. I am continuing B. Tech from C. V. Raman Global University, Bhubaneswar, Odisha.","twitter_username":null,"public_repos":17,"public_gists":0,"followers":1,"following":0,"created_at":"2021-01-11T09:45:12Z","updated_at":"2023-01-07T05:55:55Z","private_gists":0,"total_private_repos":0,"owned_private_repos":0,"disk_usage":91328,"collaborators":0,"two_factor_authentication":false,"plan":{"name":"free","space":976562499,"collaborators":0,"private_repos":10000}}
[info] 
[info] +  Success! Logged into GitHub as AbhishekSantra 
[info] 
[debug] [2023-03-11T14:18:52.108Z] >>> [apiv2][query] GET https://api.github.com/repos/AbhishekSantra/actions/secrets/public-key type=owner
[debug] [2023-03-11T14:18:52.115Z] >>> [apiv2][query] GET https://api.github.com/repos///actions/secrets/public-key type=owner
[debug] [2023-03-11T14:18:52.672Z] <<< [apiv2][status] GET https://api.github.com/repos///actions/secrets/public-key 404
[debug] [2023-03-11T14:18:52.672Z] <<< [apiv2][body] GET https://api.github.com/repos///actions/secrets/public-key {"message":"Not Found","documentation_url":"https://docs.github.com/rest"}
[debug] [2023-03-11T14:18:52.685Z] <<< [apiv2][status] GET https://api.github.com/repos/AbhishekSantra/actions/secrets/public-key 404
[debug] [2023-03-11T14:18:52.686Z] <<< [apiv2][body] GET https://api.github.com/repos/AbhishekSantra/actions/secrets/public-key {"message":"Not Found","documentation_url":"https://docs.github.com/rest"}
[debug] [2023-03-11T14:18:59.001Z] >>> [apiv2][query] GET https://api.github.com/repos/MultiMart-Ecommerce-Website/AbhishekSantra/actions/secrets/public-key type=owner
[debug] [2023-03-11T14:18:59.565Z] <<< [apiv2][status] GET https://api.github.com/repos/MultiMart-Ecommerce-Website/AbhishekSantra/actions/secrets/public-key 404
[debug] [2023-03-11T14:18:59.565Z] <<< [apiv2][body] GET https://api.github.com/repos/MultiMart-Ecommerce-Website/AbhishekSantra/actions/secrets/public-key {"message":"Not Found","documentation_url":"https://docs.github.com/rest/reference/actions#get-a-repository-public-key"}
[debug] [2023-03-11T14:19:25.025Z] >>> [apiv2][query] GET https://api.github.com/repos/MultiMart-Ecommerce-Website/AbhishekSantra/actions/secrets/public-key type=owner
[debug] [2023-03-11T14:19:25.320Z] >>> [apiv2][query] GET https://api.github.com/repos//actions/secrets/public-key type=owner
[debug] [2023-03-11T14:19:25.517Z] <<< [apiv2][status] GET https://api.github.com/repos/MultiMart-Ecommerce-Website/AbhishekSantra/actions/secrets/public-key 404
[debug] [2023-03-11T14:19:25.517Z] <<< [apiv2][body] GET https://api.github.com/repos/MultiMart-Ecommerce-Website/AbhishekSantra/actions/secrets/public-key {"message":"Not Found","documentation_url":"https://docs.github.com/rest/reference/actions#get-a-repository-public-key"}
[debug] [2023-03-11T14:19:25.803Z] <<< [apiv2][status] GET https://api.github.com/repos//actions/secrets/public-key 404
[debug] [2023-03-11T14:19:25.803Z] <<< [apiv2][body] GET https://api.github.com/repos//actions/secrets/public-key {"message":"Not Found","documentation_url":"https://docs.github.com/rest"}
[debug] [2023-03-11T14:19:26.025Z] >>> [apiv2][query] GET https://api.github.com/repos/MultiMart-Ecommerce-Website/AbhishekSantra/actions/secrets/public-key type=owner
[debug] [2023-03-11T14:19:26.513Z] <<< [apiv2][status] GET https://api.github.com/repos/MultiMart-Ecommerce-Website/AbhishekSantra/actions/secrets/public-key 404
[debug] [2023-03-11T14:19:26.513Z] <<< [apiv2][body] GET https://api.github.com/repos/MultiMart-Ecommerce-Website/AbhishekSantra/actions/secrets/public-key {"message":"Not Found","documentation_url":"https://docs.github.com/rest/reference/actions#get-a-repository-public-key"}
[debug] [2023-03-11T14:19:27.166Z] >>> [apiv2][query] GET https://api.github.com/repos/MultiMart-Ecommerce-Website/AbhishekSantra/actions/secrets/public-key type=owner
[debug] [2023-03-11T14:19:27.749Z] <<< [apiv2][status] GET https://api.github.com/repos/MultiMart-Ecommerce-Website/AbhishekSantra/actions/secrets/public-key 404
[debug] [2023-03-11T14:19:27.749Z] <<< [apiv2][body] GET https://api.github.com/repos/MultiMart-Ecommerce-Website/AbhishekSantra/actions/secrets/public-key {"message":"Not Found","documentation_url":"https://docs.github.com/rest/reference/actions#get-a-repository-public-key"}
[debug] [2023-03-11T14:19:28.327Z] >>> [apiv2][query] GET https://api.github.com/repos/MultiMart-Ecommerce-Website/AbhishekSantra/actions/secrets/public-key type=owner
[debug] [2023-03-11T14:19:28.845Z] <<< [apiv2][status] GET https://api.github.com/repos/MultiMart-Ecommerce-Website/AbhishekSantra/actions/secrets/public-key 404
[debug] [2023-03-11T14:19:28.845Z] <<< [apiv2][body] GET https://api.github.com/repos/MultiMart-Ecommerce-Website/AbhishekSantra/actions/secrets/public-key {"message":"Not Found","documentation_url":"https://docs.github.com/rest/reference/actions#get-a-repository-public-key"}
[debug] [2023-03-11T14:19:46.826Z] >>> [apiv2][query] GET https://api.github.com/repos/MultiMart-Ecommerce-Website/AbhishekSantragit remote add origin https://github.com/AbhishekSantra/MultiMart-Ecommerce-Website.git/actions/secrets/public-key type=owner
[debug] [2023-03-11T14:19:46.830Z] >>> [apiv2][query] GET https://api.github.com/repos/git branch -M main/actions/secrets/public-key type=owner
[debug] [2023-03-11T14:19:47.338Z] <<< [apiv2][status] GET https://api.github.com/repos/MultiMart-Ecommerce-Website/AbhishekSantragit remote add origin https://github.com/AbhishekSantra/MultiMart-Ecommerce-Website.git/actions/secrets/public-key 404
[debug] [2023-03-11T14:19:47.338Z] <<< [apiv2][body] GET https://api.github.com/repos/MultiMart-Ecommerce-Website/AbhishekSantragit remote add origin https://github.com/AbhishekSantra/MultiMart-Ecommerce-Website.git/actions/secrets/public-key {"message":"Not Found","documentation_url":"https://docs.github.com/rest"}
[debug] [2023-03-11T14:19:47.346Z] <<< [apiv2][status] GET https://api.github.com/repos/git branch -M main/actions/secrets/public-key 404
[debug] [2023-03-11T14:19:47.347Z] <<< [apiv2][body] GET https://api.github.com/repos/git branch -M main/actions/secrets/public-key {"message":"Not Found","documentation_url":"https://docs.github.com/rest"}
[debug] [2023-03-11T14:19:49.387Z] >>> [apiv2][query] GET https://api.github.com/repos/git push -u origin mainMultiMart-Ecommerce-Website/AbhishekSantragit remote add origin https://github.com/AbhishekSantra/MultiMart-Ecommerce-Website.gitgit branch -M main/actions/secrets/public-key type=owner
[debug] [2023-03-11T14:19:49.857Z] <<< [apiv2][status] GET https://api.github.com/repos/git push -u origin mainMultiMart-Ecommerce-Website/AbhishekSantragit remote add origin https://github.com/AbhishekSantra/MultiMart-Ecommerce-Website.gitgit branch -M main/actions/secrets/public-key 404
[debug] [2023-03-11T14:19:49.857Z] <<< [apiv2][body] GET https://api.github.com/repos/git push -u origin mainMultiMart-Ecommerce-Website/AbhishekSantragit remote add origin https://github.com/AbhishekSantra/MultiMart-Ecommerce-Website.gitgit branch -M main/actions/secrets/public-key {"message":"Not Found","documentation_url":"https://docs.github.com/rest"}
[debug] [2023-03-11T14:19:50.268Z] >>> [apiv2][query] GET https://api.github.com/repos/git push -u origin mainMultiMart-Ecommerce-Website/AbhishekSantragit remote add origin https://github.com/AbhishekSantra/MultiMart-Ecommerce-Website.gitgit branch -M main/actions/secrets/public-key type=owner
[debug] [2023-03-11T14:19:50.769Z] <<< [apiv2][status] GET https://api.github.com/repos/git push -u origin mainMultiMart-Ecommerce-Website/AbhishekSantragit remote add origin https://github.com/AbhishekSantra/MultiMart-Ecommerce-Website.gitgit branch -M main/actions/secrets/public-key 404
[debug] [2023-03-11T14:19:50.770Z] <<< [apiv2][body] GET https://api.github.com/repos/git push -u origin mainMultiMart-Ecommerce-Website/AbhishekSantragit remote add origin https://github.com/AbhishekSantra/MultiMart-Ecommerce-Website.gitgit branch -M main/actions/secrets/public-key {"message":"Not Found","documentation_url":"https://docs.github.com/rest"}
[debug] [2023-03-11T14:19:51.843Z] >>> [apiv2][query] GET https://api.github.com/repos/git push -u origin mainMultiMart-Ecommerce-Website/AbhishekSantragit remote add origin https://github.com/AbhishekSantra/MultiMart-Ecommerce-Website.gitgit branch -M main/actions/secrets/public-key type=owner
[debug] [2023-03-11T14:19:52.310Z] <<< [apiv2][status] GET https://api.github.com/repos/git push -u origin mainMultiMart-Ecommerce-Website/AbhishekSantragit remote add origin https://github.com/AbhishekSantra/MultiMart-Ecommerce-Website.gitgit branch -M main/actions/secrets/public-key 404
[debug] [2023-03-11T14:19:52.310Z] <<< [apiv2][body] GET https://api.github.com/repos/git push -u origin mainMultiMart-Ecommerce-Website/AbhishekSantragit remote add origin https://github.com/AbhishekSantra/MultiMart-Ecommerce-Website.gitgit branch -M main/actions/secrets/public-key {"message":"Not Found","documentation_url":"https://docs.github.com/rest"}
[debug] [2023-03-11T14:19:58.408Z] >>> [apiv2][query] GET https://api.github.com/repos/git push -u origin mainMultiMart-Ecommerce-Website/AbhishekSantragit remote add origin https://github.com/AbhishekSantra/MultiMart-Ecommerce-Website.gitgit branch -M main/actions/secrets/public-key type=owner
[debug] [2023-03-11T14:19:58.937Z] <<< [apiv2][status] GET https://api.github.com/repos/git push -u origin mainMultiMart-Ecommerce-Website/AbhishekSantragit remote add origin https://github.com/AbhishekSantra/MultiMart-Ecommerce-Website.gitgit branch -M main/actions/secrets/public-key 404
[debug] [2023-03-11T14:19:58.938Z] <<< [apiv2][body] GET https://api.github.com/repos/git push -u origin mainMultiMart-Ecommerce-Website/AbhishekSantragit remote add origin https://github.com/AbhishekSantra/MultiMart-Ecommerce-Website.gitgit branch -M main/actions/secrets/public-key {"message":"Not Found","documentation_url":"https://docs.github.com/rest"}
